<?xml version="1.0" encoding="UTF-8"?>
<!-- Generated by org.testng.reporters.JUnitXMLReporter -->
<testsuite ignored="0" hostname="MAVBCP1170" failures="0" tests="2" name="Default test" time="27.355" errors="0" timestamp="2021-02-22T18:34:47 IST">
  <testcase classname="Step.ParallelTestWithMultiThread" name="testOnChromeWithBrowserStackSignUp" time="17.832"/>
  <testcase classname="Step.ParallelTestWithMultiThread" name="testOnChromeWithBrowserStackUrl" time="8.419"/>
</testsuite> <!-- Default test -->
