<?xml version="1.0" encoding="UTF-8"?>
<testng-results ignored="0" total="2" passed="2" failed="0" skipped="0">
  <reporter-output>
  </reporter-output>
  <suite started-at="2021-02-22T18:34:19 IST" name="Default suite" finished-at="2021-02-22T18:34:46 IST" duration-ms="27355">
    <groups>
    </groups>
    <test started-at="2021-02-22T18:34:19 IST" name="Default test" finished-at="2021-02-22T18:34:46 IST" duration-ms="27355">
      <class name="Step.ParallelTestWithMultiThread">
        <test-method signature="testOnChromeWithBrowserStackSignUp()[pri:0, instance:Step.ParallelTestWithMultiThread@32ee6fee]" started-at="2021-02-22T18:34:19 IST" name="testOnChromeWithBrowserStackSignUp" finished-at="2021-02-22T18:34:37 IST" duration-ms="17832" status="PASS">
          <reporter-output>
          </reporter-output>
        </test-method> <!-- testOnChromeWithBrowserStackSignUp -->
        <test-method signature="testOnChromeWithBrowserStackUrl()[pri:0, instance:Step.ParallelTestWithMultiThread@32ee6fee]" started-at="2021-02-22T18:34:37 IST" name="testOnChromeWithBrowserStackUrl" finished-at="2021-02-22T18:34:45 IST" duration-ms="8419" status="PASS">
          <reporter-output>
          </reporter-output>
        </test-method> <!-- testOnChromeWithBrowserStackUrl -->
        <test-method is-config="true" signature="close()[pri:0, instance:Step.ParallelTestWithMultiThread@32ee6fee]" started-at="2021-02-22T18:34:45 IST" name="close" finished-at="2021-02-22T18:34:46 IST" duration-ms="1053" status="PASS">
          <reporter-output>
          </reporter-output>
        </test-method> <!-- close -->
      </class> <!-- Step.ParallelTestWithMultiThread -->
    </test> <!-- Default test -->
  </suite> <!-- Default suite -->
</testng-results>
